2019/05/24 21:51:00 endpoint GET /health demoGo/apps/controllers.HealthCheck 4
2019/05/24 21:51:00 endpoint GET /api/v1/ demoGo/apps/controllers.HelloController 4
2019/05/24 21:51:00 endpoint POST /api/v1/ demoGo/apps/controllers.HelloTest 4
2019/05/24 21:51:00 endpoint POST /api/v1/dummy demoGo/apps/controllers.TestDummy 4
2019/05/24 21:51:40 endpoint GET /health demoGo/apps/controllers.HealthCheck 4
2019/05/24 21:51:40 endpoint GET /api/v1/ demoGo/apps/controllers.HelloController 4
2019/05/24 21:51:40 endpoint POST /api/v1/ demoGo/apps/controllers.HelloTest 4
2019/05/24 21:51:40 endpoint POST /api/v1/dummy demoGo/apps/controllers.TestDummy 4
2019/05/24 21:53:43 129.884µs
2019/05/24 21:53:43 200
2019/05/25 00:18:01 [INFO]2019-05-25T00:18:01+07:00 REQUESTID : asdasdsdasd, HEADER: map[Content-Type:[application/json; charset=utf-8]], URL : /health, METHOD : GET,REQUESTBODY: nil, LATENCY: 271.913µs,STATUS: 200,RESPONSEBODY : {"message":"up","status":200} 
2019/05/25 00:20:24 [INFO]2019-05-25T00:20:24+07:00 REQUESTID : asdasdsdasd, HEADER: map[Content-Type:[application/json; charset=utf-8]], URL : /health, METHOD : GET,REQUESTBODY: nil, LATENCY: 325.638µs,STATUS: 200,RESPONSEBODY : {"message":"up","status":200} 
2019/05/25 00:20:38 [INFO]2019-05-25T00:20:38+07:00 REQUESTID : asdasdsdasd, HEADER: map[Content-Type:[application/json; charset=utf-8]], URL : /health, METHOD : GET,REQUESTBODY: nil, LATENCY: 264.315µs,STATUS: 200,RESPONSEBODY : {"message":"up","status":200} 
2019/05/25 00:20:43 [INFO]2019-05-25T00:20:43+07:00 REQUESTID : asdasdsdasd, HEADER: map[Content-Type:[application/json; charset=utf-8]], URL : /health, METHOD : GET,REQUESTBODY: nil, LATENCY: 35.362µs,STATUS: 200,RESPONSEBODY : {"message":"up","status":200} 
2019/05/25 00:20:43 [INFO]2019-05-25T00:20:43+07:00 REQUESTID : asdasdsdasd, HEADER: map[Content-Type:[application/json; charset=utf-8]], URL : /health, METHOD : GET,REQUESTBODY: nil, LATENCY: 41.224µs,STATUS: 200,RESPONSEBODY : {"message":"up","status":200} 
2019/05/25 00:20:44 [INFO]2019-05-25T00:20:44+07:00 REQUESTID : asdasdsdasd, HEADER: map[Content-Type:[application/json; charset=utf-8]], URL : /health, METHOD : GET,REQUESTBODY: nil, LATENCY: 30.685µs,STATUS: 200,RESPONSEBODY : {"message":"up","status":200} 
2019/05/25 00:20:45 [INFO]2019-05-25T00:20:45+07:00 REQUESTID : asdasdsdasd, HEADER: map[Content-Type:[application/json; charset=utf-8]], URL : /health, METHOD : GET,REQUESTBODY: nil, LATENCY: 34.391µs,STATUS: 200,RESPONSEBODY : {"message":"up","status":200} 
2019/05/25 00:20:46 [INFO]2019-05-25T00:20:46+07:00 REQUESTID : asdasdsdasd, HEADER: map[Content-Type:[application/json; charset=utf-8]], URL : /health, METHOD : GET,REQUESTBODY: nil, LATENCY: 42.695µs,STATUS: 200,RESPONSEBODY : {"message":"up","status":200} 
2019/05/25 00:20:49 [INFO]2019-05-25T00:20:49+07:00 REQUESTID : , HEADER: map[Content-Type:[application/json; charset=utf-8]], URL : /api/v1/dummy, METHOD : POST,REQUESTBODY: {"name":"asdasdasd"}, LATENCY: 190.438µs,STATUS: 200,RESPONSEBODY : {"nama":""} 
2019/05/25 00:20:50 [INFO]2019-05-25T00:20:50+07:00 REQUESTID : , HEADER: map[Content-Type:[application/json; charset=utf-8]], URL : /api/v1/dummy, METHOD : POST,REQUESTBODY: {"name":"asdasdasd"}, LATENCY: 50.401µs,STATUS: 200,RESPONSEBODY : {"nama":""} 
2019/05/25 00:20:51 [INFO]2019-05-25T00:20:51+07:00 REQUESTID : , HEADER: map[Content-Type:[application/json; charset=utf-8]], URL : /api/v1/dummy, METHOD : POST,REQUESTBODY: {"name":"asdasdasd"}, LATENCY: 54.796µs,STATUS: 200,RESPONSEBODY : {"nama":""} 
2019/05/25 00:20:53 [INFO]2019-05-25T00:20:53+07:00 REQUESTID : asdasdsdasd, HEADER: map[Content-Type:[application/json]], URL : /api/v1/, METHOD : POST,REQUESTBODY: {"Name":"asdasd","Email":"asdasdasd"}, LATENCY: 159.519µs,STATUS: 200,RESPONSEBODY : {"meta":{"timestamp":"0001-01-01T00:00:00Z","http_code":0,"status":0,"message":""},"body":{"name":"asdasd","email":"asdasdasd"}} 
2019/05/25 00:20:54 [INFO]2019-05-25T00:20:54+07:00 REQUESTID : asdasdsdasd, HEADER: map[Content-Type:[application/json]], URL : /api/v1/, METHOD : POST,REQUESTBODY: {"Name":"asdasd","Email":"asdasdasd"}, LATENCY: 77.992µs,STATUS: 200,RESPONSEBODY : {"meta":{"timestamp":"0001-01-01T00:00:00Z","http_code":0,"status":0,"message":""},"body":{"name":"asdasd","email":"asdasdasd"}} 
2019/05/25 00:20:55 [INFO]2019-05-25T00:20:55+07:00 REQUESTID : asdasdsdasd, HEADER: map[Content-Type:[application/json]], URL : /api/v1/, METHOD : POST,REQUESTBODY: {"Name":"asdasd","Email":"asdasdasd"}, LATENCY: 68.132µs,STATUS: 200,RESPONSEBODY : {"meta":{"timestamp":"0001-01-01T00:00:00Z","http_code":0,"status":0,"message":""},"body":{"name":"asdasd","email":"asdasdasd"}} 
2019/05/25 00:20:55 [INFO]2019-05-25T00:20:55+07:00 REQUESTID : asdasdsdasd, HEADER: map[Content-Type:[application/json]], URL : /api/v1/, METHOD : POST,REQUESTBODY: {"Name":"asdasd","Email":"asdasdasd"}, LATENCY: 62.246µs,STATUS: 200,RESPONSEBODY : {"meta":{"timestamp":"0001-01-01T00:00:00Z","http_code":0,"status":0,"message":""},"body":{"name":"asdasd","email":"asdasdasd"}} 
2019/05/25 00:20:56 [INFO]2019-05-25T00:20:56+07:00 REQUESTID : asdasdsdasd, HEADER: map[Content-Type:[application/json]], URL : /api/v1/, METHOD : POST,REQUESTBODY: {"Name":"asdasd","Email":"asdasdasd"}, LATENCY: 70.853µs,STATUS: 200,RESPONSEBODY : {"meta":{"timestamp":"0001-01-01T00:00:00Z","http_code":0,"status":0,"message":""},"body":{"name":"asdasd","email":"asdasdasd"}} 
